<?xml version="1.0" encoding="UTF-8" ?>
<testsuite errors="1" failures="0" hostname="ankit-PC" name="org.demo.utilities.TestLogger" skipped="0" tests="1" time="0.37" timestamp="2020-05-18T14:21:19">
  <properties>
[...]
</properties>
  <testcase classname="org.demo.utilities.TestLogger" name="initializationError" time="0.053">
    <error message="Lcom_atlassian_clover/TestNameSniffer;" type="java.lang.NoClassDefFoundError">java.lang.NoClassDefFoundError: Lcom_atlassian_clover/TestNameSniffer;
	at java.lang.Class.getDeclaredFields0(Native Method)
	at java.lang.Class.privateGetDeclaredFields(Class.java:2583)
	at java.lang.Class.getDeclaredFields(Class.java:1916)
	at java.lang.reflect.Constructor.newInstance(Constructor.java:423)
Caused by: java.lang.ClassNotFoundException: com_atlassian_clover.TestNameSniffer
	at java.net.URLClassLoader.findClass(URLClassLoader.java:382)
	at java.lang.ClassLoader.loadClass(ClassLoader.java:418)
	at sun.misc.Launcher$AppClassLoader.loadClass(Launcher.java:355)
	at java.lang.ClassLoader.loadClass(ClassLoader.java:351)
</error>
  </testcase>
  <system-out><![CDATA[]]></system-out>
  <system-err><![CDATA[]]></system-err>
</testsuite>
